<?xml version="1.0" encoding="UTF-8"?>
<testsuite xmlns:xsi="http://www.w3.org/2001/XMLSchema-instance" xsi:noNamespaceSchemaLocation="https://maven.apache.org/surefire/maven-surefire-plugin/xsd/surefire-test-report-3.0.xsd" version="3.0" name="com.shoprentals.v1.ShopRentalSystemCompleteTest" time="0.11" tests="45" errors="0" skipped="0" failures="0">
  <properties>
[...]
</properties>
  <testcase name="testProgressiveCommission" classname="com.shoprentals.v1.ShopRentalSystemCompleteTest" time="0.033"/>
  <testcase name="testPaymentContractFlow" classname="com.shoprentals.v1.ShopRentalSystemCompleteTest" time="0.001"/>
  <testcase name="testAuditLogCoverage" classname="com.shoprentals.v1.ShopRentalSystemCompleteTest" time="0.007">
    <system-out><![CDATA[[AUDIT] 2026-03-26T16:58:49.507896600 | TEST | MSG
]]></system-out>
  </testcase>
  <testcase name="testNoOpenShops" classname="com.shoprentals.v1.ShopRentalSystemCompleteTest" time="0"/>
  <testcase name="testSubmitMonthlySalesService" classname="com.shoprentals.v1.ShopRentalSystemCompleteTest" time="0.009"/>
  <testcase name="testContractManagerLogin" classname="com.shoprentals.v1.ShopRentalSystemCompleteTest" time="0.002"/>
  <testcase name="testEditShopInfo" classname="com.shoprentals.v1.ShopRentalSystemCompleteTest" time="0"/>
  <testcase name="testStateTransitionApprove" classname="com.shoprentals.v1.ShopRentalSystemCompleteTest" time="0.002"/>
  <testcase name="testGetCommissionRate" classname="com.shoprentals.v1.ShopRentalSystemCompleteTest" time="0"/>
  <testcase name="testCreatePayment" classname="com.shoprentals.v1.ShopRentalSystemCompleteTest" time="0.001"/>
  <testcase name="testTerminateContract" classname="com.shoprentals.v1.ShopRentalSystemCompleteTest" time="0"/>
  <testcase name="testRequestApproval" classname="com.shoprentals.v1.ShopRentalSystemCompleteTest" time="0"/>
  <testcase name="testShortTermFactory" classname="com.shoprentals.v1.ShopRentalSystemCompleteTest" time="0.004"/>
  <testcase name="testFindOpenShops" classname="com.shoprentals.v1.ShopRentalSystemCompleteTest" time="0"/>
  <testcase name="testStateTransitionExpire" classname="com.shoprentals.v1.ShopRentalSystemCompleteTest" time="0"/>
  <testcase name="testObserverBus" classname="com.shoprentals.v1.ShopRentalSystemCompleteTest" time="0.003"/>
  <testcase name="testServiceIdSetters" classname="com.shoprentals.v1.ShopRentalSystemCompleteTest" time="0"/>
  <testcase name="testChangePassword" classname="com.shoprentals.v1.ShopRentalSystemCompleteTest" time="0"/>
  <testcase name="testTenantSpecifics" classname="com.shoprentals.v1.ShopRentalSystemCompleteTest" time="0"/>
  <testcase name="testUserAuthenticationFlow" classname="com.shoprentals.v1.ShopRentalSystemCompleteTest" time="0.003"/>
  <testcase name="testCreateSalesRecord" classname="com.shoprentals.v1.ShopRentalSystemCompleteTest" time="0"/>
  <testcase name="testCalculateTotalRent" classname="com.shoprentals.v1.ShopRentalSystemCompleteTest" time="0"/>
  <testcase name="testSalesRecordData" classname="com.shoprentals.v1.ShopRentalSystemCompleteTest" time="0"/>
  <testcase name="testTenantLoginSuccess" classname="com.shoprentals.v1.ShopRentalSystemCompleteTest" time="0.002"/>
  <testcase name="testApproveContract" classname="com.shoprentals.v1.ShopRentalSystemCompleteTest" time="0"/>
  <testcase name="testSystemAdminLogin" classname="com.shoprentals.v1.ShopRentalSystemCompleteTest" time="0"/>
  <testcase name="testCreateShop" classname="com.shoprentals.v1.ShopRentalSystemCompleteTest" time="0"/>
  <testcase name="testCompleteContractFlow" classname="com.shoprentals.v1.ShopRentalSystemCompleteTest" time="0"/>
  <testcase name="testAccountingLogin" classname="com.shoprentals.v1.ShopRentalSystemCompleteTest" time="0"/>
  <testcase name="testFloorManager" classname="com.shoprentals.v1.ShopRentalSystemCompleteTest" time="0.001">
    <system-out><![CDATA[Floor manager arranged store positions on floor 1
]]></system-out>
  </testcase>
  <testcase name="testCreateLeaseContract" classname="com.shoprentals.v1.ShopRentalSystemCompleteTest" time="0"/>
  <testcase name="testUpdateShopStatus" classname="com.shoprentals.v1.ShopRentalSystemCompleteTest" time="0.001"/>
  <testcase name="testPaymentValidation" classname="com.shoprentals.v1.ShopRentalSystemCompleteTest" time="0.002"/>
  <testcase name="testCreateLeaseRequestService" classname="com.shoprentals.v1.ShopRentalSystemCompleteTest" time="0.004"/>
  <testcase name="testRestoreStatus" classname="com.shoprentals.v1.ShopRentalSystemCompleteTest" time="0"/>
  <testcase name="testGetUserInfo" classname="com.shoprentals.v1.ShopRentalSystemCompleteTest" time="0.002"/>
  <testcase name="testMultipleShops" classname="com.shoprentals.v1.ShopRentalSystemCompleteTest" time="0"/>
  <testcase name="testVerifyPayment" classname="com.shoprentals.v1.ShopRentalSystemCompleteTest" time="0"/>
  <testcase name="testShopUnderRepair" classname="com.shoprentals.v1.ShopRentalSystemCompleteTest" time="0"/>
  <testcase name="testIllegalTransitions" classname="com.shoprentals.v1.ShopRentalSystemCompleteTest" time="0.003"/>
  <testcase name="testTenantLoginFailure" classname="com.shoprentals.v1.ShopRentalSystemCompleteTest" time="0"/>
  <testcase name="testApproveContractService" classname="com.shoprentals.v1.ShopRentalSystemCompleteTest" time="0.001"/>
  <testcase name="testShopTenantRelationship" classname="com.shoprentals.v1.ShopRentalSystemCompleteTest" time="0.001"/>
  <testcase name="testStateTransitionRequestApproval" classname="com.shoprentals.v1.ShopRentalSystemCompleteTest" time="0"/>
  <testcase name="testStandardCommission" classname="com.shoprentals.v1.ShopRentalSystemCompleteTest" time="0"/>
</testsuite>