<?xml version="1.0" encoding="UTF-8"?>
<testsuite xmlns:xsi="http://www.w3.org/2001/XMLSchema-instance" xsi:noNamespaceSchemaLocation="https://maven.apache.org/surefire/maven-surefire-plugin/xsd/surefire-test-report-3.0.xsd" version="3.0" name="com.shoprentals.v2.ShopRentalV2Test" time="0.15" tests="40" errors="0" skipped="0" failures="0">
  <properties>
[...]
</properties>
  <testcase name="testRentReductionClosed" classname="com.shoprentals.v2.ShopRentalV2Test" time="0.04"/>
  <testcase name="testManagerLogin" classname="com.shoprentals.v2.ShopRentalV2Test" time="0.002"/>
  <testcase name="testProgressiveTier1" classname="com.shoprentals.v2.ShopRentalV2Test" time="0.001"/>
  <testcase name="testProgressiveTier2" classname="com.shoprentals.v2.ShopRentalV2Test" time="0"/>
  <testcase name="testProgressiveTier3" classname="com.shoprentals.v2.ShopRentalV2Test" time="0.001"/>
  <testcase name="testTerminate" classname="com.shoprentals.v2.ShopRentalV2Test" time="0.002"/>
  <testcase name="testInitialStateDraft" classname="com.shoprentals.v2.ShopRentalV2Test" time="0.001"/>
  <testcase name="testPermitRequest" classname="com.shoprentals.v2.ShopRentalV2Test" time="0.001"/>
  <testcase name="testTerminateFromPending" classname="com.shoprentals.v2.ShopRentalV2Test" time="0"/>
  <testcase name="testRentReductionUnderRepair" classname="com.shoprentals.v2.ShopRentalV2Test" time="0.001"/>
  <testcase name="testApprove" classname="com.shoprentals.v2.ShopRentalV2Test" time="0.001"/>
  <testcase name="testObserverOnApproval" classname="com.shoprentals.v2.ShopRentalV2Test" time="0.009"/>
  <testcase name="testStandardFactory" classname="com.shoprentals.v2.ShopRentalV2Test" time="0.001"/>
  <testcase name="testRequestApproval" classname="com.shoprentals.v2.ShopRentalV2Test" time="0.001"/>
  <testcase name="testCreateLeaseRequest" classname="com.shoprentals.v2.ShopRentalV2Test" time="0.003"/>
  <testcase name="testShortTermFactory" classname="com.shoprentals.v2.ShopRentalV2Test" time="0"/>
  <testcase name="testZeroPaymentNotConfirmed" classname="com.shoprentals.v2.ShopRentalV2Test" time="0.001"/>
  <testcase name="testFindOpenShops" classname="com.shoprentals.v2.ShopRentalV2Test" time="0"/>
  <testcase name="testShopSetPosition" classname="com.shoprentals.v2.ShopRentalV2Test" time="0"/>
  <testcase name="testChangePassword" classname="com.shoprentals.v2.ShopRentalV2Test" time="0"/>
  <testcase name="testAdminLogin" classname="com.shoprentals.v2.ShopRentalV2Test" time="0.001"/>
  <testcase name="testCalculateTotalRent" classname="com.shoprentals.v2.ShopRentalV2Test" time="0.001"/>
  <testcase name="testAccountingConfirm" classname="com.shoprentals.v2.ShopRentalV2Test" time="0"/>
  <testcase name="testObserverOnLeaseRequest" classname="com.shoprentals.v2.ShopRentalV2Test" time="0.001"/>
  <testcase name="testTenantLoginSuccess" classname="com.shoprentals.v2.ShopRentalV2Test" time="0"/>
  <testcase name="testApproveContract" classname="com.shoprentals.v2.ShopRentalV2Test" time="0.001"/>
  <testcase name="testAccountingLogin" classname="com.shoprentals.v2.ShopRentalV2Test" time="0.002"/>
  <testcase name="testRestoreStatus" classname="com.shoprentals.v2.ShopRentalV2Test" time="0.016"/>
  <testcase name="testGetUserInfo" classname="com.shoprentals.v2.ShopRentalV2Test" time="0"/>
  <testcase name="testAdminCreateAccounts" classname="com.shoprentals.v2.ShopRentalV2Test" time="0.001"/>
  <testcase name="testVerifyPayment" classname="com.shoprentals.v2.ShopRentalV2Test" time="0.001"/>
  <testcase name="testTenantLoginFailure" classname="com.shoprentals.v2.ShopRentalV2Test" time="0.001"/>
  <testcase name="testExpire" classname="com.shoprentals.v2.ShopRentalV2Test" time="0.003"/>
  <testcase name="testShopEditInfo" classname="com.shoprentals.v2.ShopRentalV2Test" time="0"/>
  <testcase name="testShopCreation" classname="com.shoprentals.v2.ShopRentalV2Test" time="0"/>
  <testcase name="testShopStatusUpdate" classname="com.shoprentals.v2.ShopRentalV2Test" time="0"/>
  <testcase name="testFullLeaseWorkflow" classname="com.shoprentals.v2.ShopRentalV2Test" time="0.01"/>
  <testcase name="testStandardCommission" classname="com.shoprentals.v2.ShopRentalV2Test" time="0.001"/>
  <testcase name="testSubmitMonthlySales" classname="com.shoprentals.v2.ShopRentalV2Test" time="0.001"/>
  <testcase name="testIllegalTransition" classname="com.shoprentals.v2.ShopRentalV2Test" time="0.002"/>
</testsuite>